# JRE version: OpenJDK Runtime Environment (8.0_202) (build 1.8.0_202-release-1483-b49-5587405)
# Java VM: OpenJDK 64-Bit Server VM (25.202-b49-5587405 mixed mode linux-amd64 compressed oops)
Heap:
 PSYoungGen      total 429056K, used 11224K [0x00000000e0000000, 0x0000000100000000, 0x0000000100000000)
  eden space 360960K, 0% used [0x00000000e0000000,0x00000000e0000000,0x00000000f6080000)
  from space 68096K, 16% used [0x00000000f6080000,0x00000000f6b763a8,0x00000000fa300000)
  to   space 95232K, 0% used [0x00000000fa300000,0x00000000fa300000,0x0000000100000000)
 ParOldGen       total 199680K, used 199500K [0x00000000a0000000, 0x00000000ac300000, 0x00000000e0000000)
  object space 199680K, 99% used [0x00000000a0000000,0x00000000ac2d3058,0x00000000ac300000)
 Metaspace       used 130385K, capacity 136395K, committed 137304K, reserved 1169408K
  class space    used 16313K, capacity 17342K, committed 17536K, reserved 1048576K
GC Heap History (10 events):
Event: 13858,755 GC heap after
Heap after GC invocations=44 (full 4):
 PSYoungGen      total 357376K, used 34287K [0x00000000e0000000, 0x00000000fc900000, 0x0000000100000000)
  eden space 323072K, 0% used [0x00000000e0000000,0x00000000e0000000,0x00000000f3b80000)
  from space 34304K, 99% used [0x00000000f7580000,0x00000000f96fbe38,0x00000000f9700000)
  to   space 59392K, 0% used [0x00000000f3b80000,0x00000000f3b80000,0x00000000f7580000)
 ParOldGen       total 176128K, used 175800K [0x00000000a0000000, 0x00000000aac00000, 0x00000000e0000000)
  object space 176128K, 99% used [0x00000000a0000000,0x00000000aabae020,0x00000000aac00000)
 Metaspace       used 103892K, capacity 110240K, committed 110552K, reserved 1144832K
  class space    used 13091K, capacity 14262K, committed 14336K, reserved 1048576K
}
Event: 13858,755 GC heap before
{Heap before GC invocations=45 (full 5):
 PSYoungGen      total 357376K, used 34287K [0x00000000e0000000, 0x00000000fc900000, 0x0000000100000000)
  eden space 323072K, 0% used [0x00000000e0000000,0x00000000e0000000,0x00000000f3b80000)
  from space 34304K, 99% used [0x00000000f7580000,0x00000000f96fbe38,0x00000000f9700000)
  to   space 59392K, 0% used [0x00000000f3b80000,0x00000000f3b80000,0x00000000f7580000)
 ParOldGen       total 176128K, used 175800K [0x00000000a0000000, 0x00000000aac00000, 0x00000000e0000000)
  object space 176128K, 99% used [0x00000000a0000000,0x00000000aabae020,0x00000000aac00000)
 Metaspace       used 103892K, capacity 110240K, committed 110552K, reserved 1144832K
  class space    used 13091K, capacity 14262K, committed 14336K, reserved 1048576K
Event: 13862,889 GC heap after
Heap after GC invocations=45 (full 5):
 PSYoungGen      total 357376K, used 0K [0x00000000e0000000, 0x00000000fc900000, 0x0000000100000000)
  eden space 323072K, 0% used [0x00000000e0000000,0x00000000e0000000,0x00000000f3b80000)
  from space 34304K, 0% used [0x00000000f7580000,0x00000000f7580000,0x00000000f9700000)
  to   space 59392K, 0% used [0x00000000f3b80000,0x00000000f3b80000,0x00000000f7580000)
 ParOldGen       total 199680K, used 94263K [0x00000000a0000000, 0x00000000ac300000, 0x00000000e0000000)
  object space 199680K, 47% used [0x00000000a0000000,0x00000000a5c0dd80,0x00000000ac300000)
 Metaspace       used 101234K, capacity 106666K, committed 110552K, reserved 1144832K
  class space    used 12794K, capacity 13718K, committed 14336K, reserved 1048576K
}
Event: 13870,637 GC heap before
{Heap before GC invocations=46 (full 5):
 PSYoungGen      total 357376K, used 323072K [0x00000000e0000000, 0x00000000fc900000, 0x0000000100000000)
  eden space 323072K, 100% used [0x00000000e0000000,0x00000000f3b80000,0x00000000f3b80000)
  from space 34304K, 0% used [0x00000000f7580000,0x00000000f7580000,0x00000000f9700000)
  to   space 59392K, 0% used [0x00000000f3b80000,0x00000000f3b80000,0x00000000f7580000)
 ParOldGen       total 199680K, used 94263K [0x00000000a0000000, 0x00000000ac300000, 0x00000000e0000000)
  object space 199680K, 47% used [0x00000000a0000000,0x00000000a5c0dd80,0x00000000ac300000)
 Metaspace       used 120661K, capacity 126419K, committed 127448K, reserved 1161216K
  class space    used 15419K, capacity 16410K, committed 16640K, reserved 1048576K
Event: 13871,460 GC heap after
Heap after GC invocations=46 (full 5):
 PSYoungGen      total 382464K, used 59383K [0x00000000e0000000, 0x00000000ff280000, 0x0000000100000000)
  eden space 323072K, 0% used [0x00000000e0000000,0x00000000e0000000,0x00000000f3b80000)
  from space 59392K, 99% used [0x00000000f3b80000,0x00000000f757df18,0x00000000f7580000)
  to   space 72704K, 0% used [0x00000000fab80000,0x00000000fab80000,0x00000000ff280000)
 ParOldGen       total 199680K, used 104036K [0x00000000a0000000, 0x00000000ac300000, 0x00000000e0000000)
  object space 199680K, 52% used [0x00000000a0000000,0x00000000a65992d0,0x00000000ac300000)
 Metaspace       used 120661K, capacity 126419K, committed 127448K, reserved 1161216K
  class space    used 15419K, capacity 16410K, committed 16640K, reserved 1048576K
}
Event: 13881,923 GC heap before
{Heap before GC invocations=47 (full 5):
 PSYoungGen      total 382464K, used 379723K [0x00000000e0000000, 0x00000000ff280000, 0x0000000100000000)
  eden space 323072K, 99% used [0x00000000e0000000,0x00000000f38d4eb0,0x00000000f3b80000)
  from space 59392K, 99% used [0x00000000f3b80000,0x00000000f757df18,0x00000000f7580000)
  to   space 72704K, 0% used [0x00000000fab80000,0x00000000fab80000,0x00000000ff280000)
 ParOldGen       total 199680K, used 104036K [0x00000000a0000000, 0x00000000ac300000, 0x00000000e0000000)
  object space 199680K, 52% used [0x00000000a0000000,0x00000000a65992d0,0x00000000ac300000)
 Metaspace       used 130272K, capacity 136331K, committed 137048K, reserved 1169408K
  class space    used 16310K, capacity 17342K, committed 17536K, reserved 1048576K
Event: 13881,985 GC heap after
Heap after GC invocations=47 (full 5):
 PSYoungGen      total 420352K, used 27774K [0x00000000e0000000, 0x00000000fe580000, 0x0000000100000000)
  eden space 360960K, 0% used [0x00000000e0000000,0x00000000e0000000,0x00000000f6080000)
  from space 59392K, 46% used [0x00000000fab80000,0x00000000fc69faa8,0x00000000fe580000)
  to   space 68096K, 0% used [0x00000000f6080000,0x00000000f6080000,0x00000000fa300000)
 ParOldGen       total 199680K, used 104044K [0x00000000a0000000, 0x00000000ac300000, 0x00000000e0000000)
  object space 199680K, 52% used [0x00000000a0000000,0x00000000a659b2d0,0x00000000ac300000)
 Metaspace       used 130272K, capacity 136331K, committed 137048K, reserved 1169408K
  class space    used 16310K, capacity 17342K, committed 17536K, reserved 1048576K
}
Event: 13885,703 GC heap before
{Heap before GC invocations=48 (full 5):
 PSYoungGen      total 420352K, used 388734K [0x00000000e0000000, 0x00000000fe580000, 0x0000000100000000)
  eden space 360960K, 100% used [0x00000000e0000000,0x00000000f6080000,0x00000000f6080000)
  from space 59392K, 46% used [0x00000000fab80000,0x00000000fc69faa8,0x00000000fe580000)
  to   space 68096K, 0% used [0x00000000f6080000,0x00000000f6080000,0x00000000fa300000)
 ParOldGen       total 199680K, used 104044K [0x00000000a0000000, 0x00000000ac300000, 0x00000000e0000000)
  object space 199680K, 52% used [0x00000000a0000000,0x00000000a659b2d0,0x00000000ac300000)
 Metaspace       used 130385K, capacity 136395K, committed 137304K, reserved 1169408K
  class space    used 16313K, capacity 17342K, committed 17536K, reserved 1048576K
Event: 13886,320 GC heap after
Heap after GC invocations=48 (full 5):
 PSYoungGen      total 429056K, used 68067K [0x00000000e0000000, 0x0000000100000000, 0x0000000100000000)
  eden space 360960K, 0% used [0x00000000e0000000,0x00000000e0000000,0x00000000f6080000)
  from space 68096K, 99% used [0x00000000f6080000,0x00000000fa2f8ff0,0x00000000fa300000)
  to   space 95232K, 0% used [0x00000000fa300000,0x00000000fa300000,0x0000000100000000)
 ParOldGen       total 199680K, used 180754K [0x00000000a0000000, 0x00000000ac300000, 0x00000000e0000000)
  object space 199680K, 90% used [0x00000000a0000000,0x00000000ab084858,0x00000000ac300000)
 Metaspace       used 130385K, capacity 136395K, committed 137304K, reserved 1169408K
  class space    used 16313K, capacity 17342K, committed 17536K, reserved 1048576K
}
Event: 13886,343 GC heap before
{Heap before GC invocations=49 (full 6):
 PSYoungGen      total 429056K, used 68067K [0x00000000e0000000, 0x0000000100000000, 0x0000000100000000)
  eden space 360960K, 0% used [0x00000000e0000000,0x00000000e0000000,0x00000000f6080000)
  from space 68096K, 99% used [0x00000000f6080000,0x00000000fa2f8ff0,0x00000000fa300000)
  to   space 95232K, 0% used [0x00000000fa300000,0x00000000fa300000,0x0000000100000000)
 ParOldGen       total 199680K, used 180754K [0x00000000a0000000, 0x00000000ac300000, 0x00000000e0000000)
  object space 199680K, 90% used [0x00000000a0000000,0x00000000ab084858,0x00000000ac300000)
 Metaspace       used 130385K, capacity 136395K, committed 137304K, reserved 1169408K
  class space    used 16313K, capacity 17342K, committed 17536K, reserved 1048576K

