# JRE version: OpenJDK Runtime Environment (8.0_202) (build 1.8.0_202-release-1483-b49-5587405)
# Java VM: OpenJDK 64-Bit Server VM (25.202-b49-5587405 mixed mode linux-amd64 compressed oops)
Heap:
 PSYoungGen      total 438784K, used 0K [0x00000000e0000000, 0x0000000100000000, 0x0000000100000000)
  eden space 353280K, 0% used [0x00000000e0000000,0x00000000e0000000,0x00000000f5900000)
  from space 85504K, 0% used [0x00000000f5900000,0x00000000f5900000,0x00000000fac80000)
  to   space 85504K, 0% used [0x00000000fac80000,0x00000000fac80000,0x0000000100000000)
 ParOldGen       total 238080K, used 232725K [0x00000000a0000000, 0x00000000ae880000, 0x00000000e0000000)
  object space 238080K, 97% used [0x00000000a0000000,0x00000000ae345598,0x00000000ae880000)
 Metaspace       used 132728K, capacity 139107K, committed 139736K, reserved 1171456K
  class space    used 16644K, capacity 17793K, committed 17920K, reserved 1048576K
GC Heap History (10 events):
Event: 4519,967 GC heap after
Heap after GC invocations=38 (full 4):
 PSYoungGen      total 441344K, used 36858K [0x00000000e0000000, 0x0000000100000000, 0x0000000100000000)
  eden space 404480K, 0% used [0x00000000e0000000,0x00000000e0000000,0x00000000f8b00000)
  from space 36864K, 99% used [0x00000000fdc00000,0x00000000ffffe8d0,0x0000000100000000)
  to   space 59904K, 0% used [0x00000000f8b00000,0x00000000f8b00000,0x00000000fc580000)
 ParOldGen       total 156160K, used 148712K [0x00000000a0000000, 0x00000000a9880000, 0x00000000e0000000)
  object space 156160K, 95% used [0x00000000a0000000,0x00000000a913a140,0x00000000a9880000)
 Metaspace       used 95969K, capacity 102120K, committed 102360K, reserved 1138688K
  class space    used 12225K, capacity 13310K, committed 13312K, reserved 1048576K
}
Event: 4519,968 GC heap before
{Heap before GC invocations=39 (full 5):
 PSYoungGen      total 441344K, used 36858K [0x00000000e0000000, 0x0000000100000000, 0x0000000100000000)
  eden space 404480K, 0% used [0x00000000e0000000,0x00000000e0000000,0x00000000f8b00000)
  from space 36864K, 99% used [0x00000000fdc00000,0x00000000ffffe8d0,0x0000000100000000)
  to   space 59904K, 0% used [0x00000000f8b00000,0x00000000f8b00000,0x00000000fc580000)
 ParOldGen       total 156160K, used 148712K [0x00000000a0000000, 0x00000000a9880000, 0x00000000e0000000)
  object space 156160K, 95% used [0x00000000a0000000,0x00000000a913a140,0x00000000a9880000)
 Metaspace       used 95969K, capacity 102120K, committed 102360K, reserved 1138688K
  class space    used 12225K, capacity 13310K, committed 13312K, reserved 1048576K
Event: 4525,353 GC heap after
Heap after GC invocations=39 (full 5):
 PSYoungGen      total 441344K, used 0K [0x00000000e0000000, 0x0000000100000000, 0x0000000100000000)
  eden space 404480K, 0% used [0x00000000e0000000,0x00000000e0000000,0x00000000f8b00000)
  from space 36864K, 0% used [0x00000000fdc00000,0x00000000fdc00000,0x0000000100000000)
  to   space 59904K, 0% used [0x00000000f8b00000,0x00000000f8b00000,0x00000000fc580000)
 ParOldGen       total 230912K, used 138562K [0x00000000a0000000, 0x00000000ae180000, 0x00000000e0000000)
  object space 230912K, 60% used [0x00000000a0000000,0x00000000a8750aa0,0x00000000ae180000)
 Metaspace       used 94770K, capacity 100578K, committed 102360K, reserved 1138688K
  class space    used 12102K, capacity 13081K, committed 13312K, reserved 1048576K
}
Event: 4535,561 GC heap before
{Heap before GC invocations=40 (full 5):
 PSYoungGen      total 441344K, used 404480K [0x00000000e0000000, 0x0000000100000000, 0x0000000100000000)
  eden space 404480K, 100% used [0x00000000e0000000,0x00000000f8b00000,0x00000000f8b00000)
  from space 36864K, 0% used [0x00000000fdc00000,0x00000000fdc00000,0x0000000100000000)
  to   space 59904K, 0% used [0x00000000f8b00000,0x00000000f8b00000,0x00000000fc580000)
 ParOldGen       total 230912K, used 138562K [0x00000000a0000000, 0x00000000ae180000, 0x00000000e0000000)
  object space 230912K, 60% used [0x00000000a0000000,0x00000000a8750aa0,0x00000000ae180000)
 Metaspace       used 125754K, capacity 132079K, committed 132440K, reserved 1165312K
  class space    used 16005K, capacity 17157K, committed 17280K, reserved 1048576K
Event: 4535,763 GC heap after
Heap after GC invocations=40 (full 5):
 PSYoungGen      total 464384K, used 59900K [0x00000000e0000000, 0x0000000100000000, 0x0000000100000000)
  eden space 404480K, 0% used [0x00000000e0000000,0x00000000e0000000,0x00000000f8b00000)
  from space 59904K, 99% used [0x00000000f8b00000,0x00000000fc57f340,0x00000000fc580000)
  to   space 59904K, 0% used [0x00000000fc580000,0x00000000fc580000,0x0000000100000000)
 ParOldGen       total 230912K, used 162707K [0x00000000a0000000, 0x00000000ae180000, 0x00000000e0000000)
  object space 230912K, 70% used [0x00000000a0000000,0x00000000a9ee4c00,0x00000000ae180000)
 Metaspace       used 125754K, capacity 132079K, committed 132440K, reserved 1165312K
  class space    used 16005K, capacity 17157K, committed 17280K, reserved 1048576K
}
Event: 4540,917 GC heap before
{Heap before GC invocations=41 (full 5):
 PSYoungGen      total 464384K, used 464380K [0x00000000e0000000, 0x0000000100000000, 0x0000000100000000)
  eden space 404480K, 100% used [0x00000000e0000000,0x00000000f8b00000,0x00000000f8b00000)
  from space 59904K, 99% used [0x00000000f8b00000,0x00000000fc57f340,0x00000000fc580000)
  to   space 59904K, 0% used [0x00000000fc580000,0x00000000fc580000,0x0000000100000000)
 ParOldGen       total 230912K, used 162707K [0x00000000a0000000, 0x00000000ae180000, 0x00000000e0000000)
  object space 230912K, 70% used [0x00000000a0000000,0x00000000a9ee4c00,0x00000000ae180000)
 Metaspace       used 132825K, capacity 139271K, committed 139736K, reserved 1171456K
  class space    used 16664K, capacity 17833K, committed 17920K, reserved 1048576K
Event: 4541,455 GC heap after
Heap after GC invocations=41 (full 5):
 PSYoungGen      total 413184K, used 59901K [0x00000000e0000000, 0x0000000100000000, 0x0000000100000000)
  eden space 353280K, 0% used [0x00000000e0000000,0x00000000e0000000,0x00000000f5900000)
  from space 59904K, 99% used [0x00000000fc580000,0x00000000fffff468,0x0000000100000000)
  to   space 85504K, 0% used [0x00000000f5900000,0x00000000f5900000,0x00000000fac80000)
 ParOldGen       total 230912K, used 162731K [0x00000000a0000000, 0x00000000ae180000, 0x00000000e0000000)
  object space 230912K, 70% used [0x00000000a0000000,0x00000000a9eeac00,0x00000000ae180000)
 Metaspace       used 132825K, capacity 139271K, committed 139736K, reserved 1171456K
  class space    used 16664K, capacity 17833K, committed 17920K, reserved 1048576K
}
Event: 4544,986 GC heap before
{Heap before GC invocations=42 (full 5):
 PSYoungGen      total 413184K, used 413181K [0x00000000e0000000, 0x0000000100000000, 0x0000000100000000)
  eden space 353280K, 100% used [0x00000000e0000000,0x00000000f5900000,0x00000000f5900000)
  from space 59904K, 99% used [0x00000000fc580000,0x00000000fffff468,0x0000000100000000)
  to   space 85504K, 0% used [0x00000000f5900000,0x00000000f5900000,0x00000000fac80000)
 ParOldGen       total 230912K, used 162731K [0x00000000a0000000, 0x00000000ae180000, 0x00000000e0000000)
  object space 230912K, 70% used [0x00000000a0000000,0x00000000a9eeac00,0x00000000ae180000)
 Metaspace       used 132979K, capacity 139411K, committed 139736K, reserved 1171456K
  class space    used 16666K, capacity 17833K, committed 17920K, reserved 1048576K
Event: 4545,561 GC heap after
Heap after GC invocations=42 (full 5):
 PSYoungGen      total 438784K, used 85498K [0x00000000e0000000, 0x0000000100000000, 0x0000000100000000)
  eden space 353280K, 0% used [0x00000000e0000000,0x00000000e0000000,0x00000000f5900000)
  from space 85504K, 99% used [0x00000000f5900000,0x00000000fac7ebe8,0x00000000fac80000)
  to   space 85504K, 0% used [0x00000000fac80000,0x00000000fac80000,0x0000000100000000)
 ParOldGen       total 238080K, used 238023K [0x00000000a0000000, 0x00000000ae880000, 0x00000000e0000000)
  object space 238080K, 99% used [0x00000000a0000000,0x00000000ae871e28,0x00000000ae880000)
 Metaspace       used 132979K, capacity 139411K, committed 139736K, reserved 1171456K
  class space    used 16666K, capacity 17833K, committed 17920K, reserved 1048576K
}
Event: 4545,567 GC heap before
{Heap before GC invocations=43 (full 6):
 PSYoungGen      total 438784K, used 85498K [0x00000000e0000000, 0x0000000100000000, 0x0000000100000000)
  eden space 353280K, 0% used [0x00000000e0000000,0x00000000e0000000,0x00000000f5900000)
  from space 85504K, 99% used [0x00000000f5900000,0x00000000fac7ebe8,0x00000000fac80000)
  to   space 85504K, 0% used [0x00000000fac80000,0x00000000fac80000,0x0000000100000000)
 ParOldGen       total 238080K, used 238023K [0x00000000a0000000, 0x00000000ae880000, 0x00000000e0000000)
  object space 238080K, 99% used [0x00000000a0000000,0x00000000ae871e28,0x00000000ae880000)
 Metaspace       used 132979K, capacity 139411K, committed 139736K, reserved 1171456K
  class space    used 16666K, capacity 17833K, committed 17920K, reserved 1048576K

