# JRE version: OpenJDK Runtime Environment (8.0_202) (build 1.8.0_202-release-1483-b49-5587405)
# Java VM: OpenJDK 64-Bit Server VM (25.202-b49-5587405 mixed mode linux-amd64 compressed oops)
Heap:
 PSYoungGen      total 390144K, used 0K [0x00000000e0000000, 0x0000000100000000, 0x0000000100000000)
  eden space 368640K, 0% used [0x00000000e0000000,0x00000000e0000000,0x00000000f6800000)
  from space 21504K, 0% used [0x00000000feb00000,0x00000000feb00000,0x0000000100000000)
  to   space 77824K, 0% used [0x00000000f6800000,0x00000000f6800000,0x00000000fb400000)
 ParOldGen       total 271360K, used 235923K [0x00000000a0000000, 0x00000000b0900000, 0x00000000e0000000)
  object space 271360K, 86% used [0x00000000a0000000,0x00000000ae664f10,0x00000000b0900000)
 Metaspace       used 132787K, capacity 140302K, committed 140632K, reserved 1171456K
  class space    used 16735K, capacity 18088K, committed 18304K, reserved 1048576K
GC Heap History (10 events):
Event: 3988,941 GC heap after
Heap after GC invocations=81 (full 8):
 PSYoungGen      total 502784K, used 9752K [0x00000000e0000000, 0x00000000ffe00000, 0x0000000100000000)
  eden space 482304K, 0% used [0x00000000e0000000,0x00000000e0000000,0x00000000fd700000)
  from space 20480K, 47% used [0x00000000fd700000,0x00000000fe086070,0x00000000feb00000)
  to   space 19456K, 0% used [0x00000000feb00000,0x00000000feb00000,0x00000000ffe00000)
 ParOldGen       total 231936K, used 163259K [0x00000000a0000000, 0x00000000ae280000, 0x00000000e0000000)
  object space 231936K, 70% used [0x00000000a0000000,0x00000000a9f6eca8,0x00000000ae280000)
 Metaspace       used 131616K, capacity 138998K, committed 140248K, reserved 1171456K
  class space    used 16605K, capacity 17940K, committed 18176K, reserved 1048576K
}
Event: 3991,281 GC heap before
{Heap before GC invocations=82 (full 8):
 PSYoungGen      total 502784K, used 492056K [0x00000000e0000000, 0x00000000ffe00000, 0x0000000100000000)
  eden space 482304K, 100% used [0x00000000e0000000,0x00000000fd700000,0x00000000fd700000)
  from space 20480K, 47% used [0x00000000fd700000,0x00000000fe086070,0x00000000feb00000)
  to   space 19456K, 0% used [0x00000000feb00000,0x00000000feb00000,0x00000000ffe00000)
 ParOldGen       total 231936K, used 163259K [0x00000000a0000000, 0x00000000ae280000, 0x00000000e0000000)
  object space 231936K, 70% used [0x00000000a0000000,0x00000000a9f6eca8,0x00000000ae280000)
 Metaspace       used 131923K, capacity 139338K, committed 140248K, reserved 1171456K
  class space    used 16651K, capacity 17996K, committed 18176K, reserved 1048576K
Event: 3991,338 GC heap after
Heap after GC invocations=82 (full 8):
 PSYoungGen      total 502272K, used 14011K [0x00000000e0000000, 0x0000000100000000, 0x0000000100000000)
  eden space 482816K, 0% used [0x00000000e0000000,0x00000000e0000000,0x00000000fd780000)
  from space 19456K, 72% used [0x00000000feb00000,0x00000000ff8aef20,0x00000000ffe00000)
  to   space 19968K, 0% used [0x00000000fd780000,0x00000000fd780000,0x00000000feb00000)
 ParOldGen       total 231936K, used 171586K [0x00000000a0000000, 0x00000000ae280000, 0x00000000e0000000)
  object space 231936K, 73% used [0x00000000a0000000,0x00000000aa790be8,0x00000000ae280000)
 Metaspace       used 131923K, capacity 139338K, committed 140248K, reserved 1171456K
  class space    used 16651K, capacity 17996K, committed 18176K, reserved 1048576K
}
Event: 3993,057 GC heap before
{Heap before GC invocations=83 (full 8):
 PSYoungGen      total 502272K, used 496827K [0x00000000e0000000, 0x0000000100000000, 0x0000000100000000)
  eden space 482816K, 100% used [0x00000000e0000000,0x00000000fd780000,0x00000000fd780000)
  from space 19456K, 72% used [0x00000000feb00000,0x00000000ff8aef20,0x00000000ffe00000)
  to   space 19968K, 0% used [0x00000000fd780000,0x00000000fd780000,0x00000000feb00000)
 ParOldGen       total 231936K, used 171586K [0x00000000a0000000, 0x00000000ae280000, 0x00000000e0000000)
  object space 231936K, 73% used [0x00000000a0000000,0x00000000aa790be8,0x00000000ae280000)
 Metaspace       used 132581K, capacity 140154K, committed 140376K, reserved 1171456K
  class space    used 16725K, capacity 18088K, committed 18304K, reserved 1048576K
Event: 3993,140 GC heap after
Heap after GC invocations=83 (full 8):
 PSYoungGen      total 502784K, used 19965K [0x00000000e0000000, 0x0000000100000000, 0x0000000100000000)
  eden space 482816K, 0% used [0x00000000e0000000,0x00000000e0000000,0x00000000fd780000)
  from space 19968K, 99% used [0x00000000fd780000,0x00000000feaff4e0,0x00000000feb00000)
  to   space 21504K, 0% used [0x00000000feb00000,0x00000000feb00000,0x0000000100000000)
 ParOldGen       total 231936K, used 210017K [0x00000000a0000000, 0x00000000ae280000, 0x00000000e0000000)
  object space 231936K, 90% used [0x00000000a0000000,0x00000000acd18570,0x00000000ae280000)
 Metaspace       used 132581K, capacity 140154K, committed 140376K, reserved 1171456K
  class space    used 16725K, capacity 18088K, committed 18304K, reserved 1048576K
}
Event: 3993,141 GC heap before
{Heap before GC invocations=84 (full 9):
 PSYoungGen      total 502784K, used 19965K [0x00000000e0000000, 0x0000000100000000, 0x0000000100000000)
  eden space 482816K, 0% used [0x00000000e0000000,0x00000000e0000000,0x00000000fd780000)
  from space 19968K, 99% used [0x00000000fd780000,0x00000000feaff4e0,0x00000000feb00000)
  to   space 21504K, 0% used [0x00000000feb00000,0x00000000feb00000,0x0000000100000000)
 ParOldGen       total 231936K, used 210017K [0x00000000a0000000, 0x00000000ae280000, 0x00000000e0000000)
  object space 231936K, 90% used [0x00000000a0000000,0x00000000acd18570,0x00000000ae280000)
 Metaspace       used 132581K, capacity 140154K, committed 140376K, reserved 1171456K
  class space    used 16725K, capacity 18088K, committed 18304K, reserved 1048576K
Event: 3993,595 GC heap after
Heap after GC invocations=84 (full 9):
 PSYoungGen      total 502784K, used 0K [0x00000000e0000000, 0x0000000100000000, 0x0000000100000000)
  eden space 482816K, 0% used [0x00000000e0000000,0x00000000e0000000,0x00000000fd780000)
  from space 19968K, 0% used [0x00000000fd780000,0x00000000fd780000,0x00000000feb00000)
  to   space 21504K, 0% used [0x00000000feb00000,0x00000000feb00000,0x0000000100000000)
 ParOldGen       total 271360K, used 143185K [0x00000000a0000000, 0x00000000b0900000, 0x00000000e0000000)
  object space 271360K, 52% used [0x00000000a0000000,0x00000000a8bd44a0,0x00000000b0900000)
 Metaspace       used 132579K, capacity 140152K, committed 140376K, reserved 1171456K
  class space    used 16725K, capacity 18087K, committed 18304K, reserved 1048576K
}
Event: 3996,348 GC heap before
{Heap before GC invocations=85 (full 9):
 PSYoungGen      total 502784K, used 481580K [0x00000000e0000000, 0x0000000100000000, 0x0000000100000000)
  eden space 482816K, 99% used [0x00000000e0000000,0x00000000fd64b138,0x00000000fd780000)
  from space 19968K, 0% used [0x00000000fd780000,0x00000000fd780000,0x00000000feb00000)
  to   space 21504K, 0% used [0x00000000feb00000,0x00000000feb00000,0x0000000100000000)
 ParOldGen       total 271360K, used 143185K [0x00000000a0000000, 0x00000000b0900000, 0x00000000e0000000)
  object space 271360K, 52% used [0x00000000a0000000,0x00000000a8bd44a0,0x00000000b0900000)
 Metaspace       used 132787K, capacity 140302K, committed 140632K, reserved 1171456K
  class space    used 16735K, capacity 18088K, committed 18304K, reserved 1048576K
Event: 3996,586 GC heap after
Heap after GC invocations=85 (full 9):
 PSYoungGen      total 390144K, used 21472K [0x00000000e0000000, 0x0000000100000000, 0x0000000100000000)
  eden space 368640K, 0% used [0x00000000e0000000,0x00000000e0000000,0x00000000f6800000)
  from space 21504K, 99% used [0x00000000feb00000,0x00000000ffff8140,0x0000000100000000)
  to   space 77824K, 0% used [0x00000000f6800000,0x00000000f6800000,0x00000000fb400000)
 ParOldGen       total 271360K, used 253609K [0x00000000a0000000, 0x00000000b0900000, 0x00000000e0000000)
  object space 271360K, 93% used [0x00000000a0000000,0x00000000af7aa5f0,0x00000000b0900000)
 Metaspace       used 132787K, capacity 140302K, committed 140632K, reserved 1171456K
  class space    used 16735K, capacity 18088K, committed 18304K, reserved 1048576K
}
Event: 3996,586 GC heap before
{Heap before GC invocations=86 (full 10):
 PSYoungGen      total 390144K, used 21472K [0x00000000e0000000, 0x0000000100000000, 0x0000000100000000)
  eden space 368640K, 0% used [0x00000000e0000000,0x00000000e0000000,0x00000000f6800000)
  from space 21504K, 99% used [0x00000000feb00000,0x00000000ffff8140,0x0000000100000000)
  to   space 77824K, 0% used [0x00000000f6800000,0x00000000f6800000,0x00000000fb400000)
 ParOldGen       total 271360K, used 253609K [0x00000000a0000000, 0x00000000b0900000, 0x00000000e0000000)
  object space 271360K, 93% used [0x00000000a0000000,0x00000000af7aa5f0,0x00000000b0900000)
 Metaspace       used 132787K, capacity 140302K, committed 140632K, reserved 1171456K
  class space    used 16735K, capacity 18088K, committed 18304K, reserved 1048576K

