# JRE version: OpenJDK Runtime Environment (8.0_202) (build 1.8.0_202-release-1483-b49-5587405)
# Java VM: OpenJDK 64-Bit Server VM (25.202-b49-5587405 mixed mode linux-amd64 compressed oops)
Heap:
 PSYoungGen      total 412672K, used 46073K [0x00000000e0000000, 0x00000000fc980000, 0x0000000100000000)
  eden space 366592K, 0% used [0x00000000e0000000,0x00000000e0000000,0x00000000f6600000)
  from space 46080K, 99% used [0x00000000f6600000,0x00000000f92fe750,0x00000000f9300000)
  to   space 35840K, 0% used [0x00000000f9300000,0x00000000f9300000,0x00000000fb600000)
 ParOldGen       total 155648K, used 147264K [0x00000000a0000000, 0x00000000a9800000, 0x00000000e0000000)
  object space 155648K, 94% used [0x00000000a0000000,0x00000000a8fd0220,0x00000000a9800000)
 Metaspace       used 100917K, capacity 106122K, committed 106200K, reserved 1142784K
  class space    used 12812K, capacity 13817K, committed 13824K, reserved 1048576K
GC Heap History (10 events):
Event: 999,846 GC heap after
Heap after GC invocations=26 (full 4):
 PSYoungGen      total 347648K, used 11897K [0x00000000e0000000, 0x00000000f7c80000, 0x0000000100000000)
  eden space 320000K, 0% used [0x00000000e0000000,0x00000000e0000000,0x00000000f3880000)
  from space 27648K, 43% used [0x00000000f6180000,0x00000000f6d1e7e0,0x00000000f7c80000)
  to   space 34816K, 0% used [0x00000000f3880000,0x00000000f3880000,0x00000000f5a80000)
 ParOldGen       total 155648K, used 72367K [0x00000000a0000000, 0x00000000a9800000, 0x00000000e0000000)
  object space 155648K, 46% used [0x00000000a0000000,0x00000000a46abf48,0x00000000a9800000)
 Metaspace       used 88369K, capacity 92034K, committed 92120K, reserved 1128448K
  class space    used 11519K, capacity 12249K, committed 12288K, reserved 1048576K
}
Event: 1002,271 GC heap before
{Heap before GC invocations=27 (full 4):
 PSYoungGen      total 347648K, used 331897K [0x00000000e0000000, 0x00000000f7c80000, 0x0000000100000000)
  eden space 320000K, 100% used [0x00000000e0000000,0x00000000f3880000,0x00000000f3880000)
  from space 27648K, 43% used [0x00000000f6180000,0x00000000f6d1e7e0,0x00000000f7c80000)
  to   space 34816K, 0% used [0x00000000f3880000,0x00000000f3880000,0x00000000f5a80000)
 ParOldGen       total 155648K, used 72367K [0x00000000a0000000, 0x00000000a9800000, 0x00000000e0000000)
  object space 155648K, 46% used [0x00000000a0000000,0x00000000a46abf48,0x00000000a9800000)
 Metaspace       used 89037K, capacity 92744K, committed 93016K, reserved 1130496K
  class space    used 11542K, capacity 12290K, committed 12416K, reserved 1048576K
Event: 1002,325 GC heap after
Heap after GC invocations=27 (full 4):
 PSYoungGen      total 354816K, used 23323K [0x00000000e0000000, 0x00000000fa500000, 0x0000000100000000)
  eden space 320000K, 0% used [0x00000000e0000000,0x00000000e0000000,0x00000000f3880000)
  from space 34816K, 66% used [0x00000000f3880000,0x00000000f4f46ee0,0x00000000f5a80000)
  to   space 35328K, 0% used [0x00000000f8280000,0x00000000f8280000,0x00000000fa500000)
 ParOldGen       total 155648K, used 72375K [0x00000000a0000000, 0x00000000a9800000, 0x00000000e0000000)
  object space 155648K, 46% used [0x00000000a0000000,0x00000000a46adf48,0x00000000a9800000)
 Metaspace       used 89037K, capacity 92744K, committed 93016K, reserved 1130496K
  class space    used 11542K, capacity 12290K, committed 12416K, reserved 1048576K
}
Event: 1079,243 GC heap before
{Heap before GC invocations=28 (full 4):
 PSYoungGen      total 354816K, used 343323K [0x00000000e0000000, 0x00000000fa500000, 0x0000000100000000)
  eden space 320000K, 100% used [0x00000000e0000000,0x00000000f3880000,0x00000000f3880000)
  from space 34816K, 66% used [0x00000000f3880000,0x00000000f4f46ee0,0x00000000f5a80000)
  to   space 35328K, 0% used [0x00000000f8280000,0x00000000f8280000,0x00000000fa500000)
 ParOldGen       total 155648K, used 72375K [0x00000000a0000000, 0x00000000a9800000, 0x00000000e0000000)
  object space 155648K, 46% used [0x00000000a0000000,0x00000000a46adf48,0x00000000a9800000)
 Metaspace       used 89586K, capacity 93460K, committed 93528K, reserved 1130496K
  class space    used 11578K, capacity 12356K, committed 12416K, reserved 1048576K
Event: 1079,313 GC heap after
Heap after GC invocations=28 (full 4):
 PSYoungGen      total 380416K, used 18601K [0x00000000e0000000, 0x00000000f9c80000, 0x0000000100000000)
  eden space 353792K, 0% used [0x00000000e0000000,0x00000000e0000000,0x00000000f5980000)
  from space 26624K, 69% used [0x00000000f8280000,0x00000000f94aa7d8,0x00000000f9c80000)
  to   space 34304K, 0% used [0x00000000f5980000,0x00000000f5980000,0x00000000f7b00000)
 ParOldGen       total 155648K, used 72383K [0x00000000a0000000, 0x00000000a9800000, 0x00000000e0000000)
  object space 155648K, 46% used [0x00000000a0000000,0x00000000a46aff48,0x00000000a9800000)
 Metaspace       used 89586K, capacity 93460K, committed 93528K, reserved 1130496K
  class space    used 11578K, capacity 12356K, committed 12416K, reserved 1048576K
}
Event: 1282,649 GC heap before
{Heap before GC invocations=29 (full 4):
 PSYoungGen      total 380416K, used 372393K [0x00000000e0000000, 0x00000000f9c80000, 0x0000000100000000)
  eden space 353792K, 100% used [0x00000000e0000000,0x00000000f5980000,0x00000000f5980000)
  from space 26624K, 69% used [0x00000000f8280000,0x00000000f94aa7d8,0x00000000f9c80000)
  to   space 34304K, 0% used [0x00000000f5980000,0x00000000f5980000,0x00000000f7b00000)
 ParOldGen       total 155648K, used 72383K [0x00000000a0000000, 0x00000000a9800000, 0x00000000e0000000)
  object space 155648K, 46% used [0x00000000a0000000,0x00000000a46aff48,0x00000000a9800000)
 Metaspace       used 96818K, capacity 101730K, committed 101976K, reserved 1138688K
  class space    used 12422K, capacity 13399K, committed 13440K, reserved 1048576K
Event: 1282,767 GC heap after
Heap after GC invocations=29 (full 4):
 PSYoungGen      total 388096K, used 24746K [0x00000000e0000000, 0x00000000fb600000, 0x0000000100000000)
  eden space 353792K, 0% used [0x00000000e0000000,0x00000000e0000000,0x00000000f5980000)
  from space 34304K, 72% used [0x00000000f5980000,0x00000000f71aabf8,0x00000000f7b00000)
  to   space 35840K, 0% used [0x00000000f9300000,0x00000000f9300000,0x00000000fb600000)
 ParOldGen       total 155648K, used 72399K [0x00000000a0000000, 0x00000000a9800000, 0x00000000e0000000)
  object space 155648K, 46% used [0x00000000a0000000,0x00000000a46b3f48,0x00000000a9800000)
 Metaspace       used 96818K, capacity 101730K, committed 101976K, reserved 1138688K
  class space    used 12422K, capacity 13399K, committed 13440K, reserved 1048576K
}
Event: 1306,767 GC heap before
{Heap before GC invocations=30 (full 4):
 PSYoungGen      total 388096K, used 378538K [0x00000000e0000000, 0x00000000fb600000, 0x0000000100000000)
  eden space 353792K, 100% used [0x00000000e0000000,0x00000000f5980000,0x00000000f5980000)
  from space 34304K, 72% used [0x00000000f5980000,0x00000000f71aabf8,0x00000000f7b00000)
  to   space 35840K, 0% used [0x00000000f9300000,0x00000000f9300000,0x00000000fb600000)
 ParOldGen       total 155648K, used 72399K [0x00000000a0000000, 0x00000000a9800000, 0x00000000e0000000)
  object space 155648K, 46% used [0x00000000a0000000,0x00000000a46b3f48,0x00000000a9800000)
 Metaspace       used 99344K, capacity 104302K, committed 104536K, reserved 1140736K
  class space    used 12658K, capacity 13635K, committed 13696K, reserved 1048576K
Event: 1306,914 GC heap after
Heap after GC invocations=30 (full 4):
 PSYoungGen      total 402432K, used 35833K [0x00000000e0000000, 0x00000000fc980000, 0x0000000100000000)
  eden space 366592K, 0% used [0x00000000e0000000,0x00000000e0000000,0x00000000f6600000)
  from space 35840K, 99% used [0x00000000f9300000,0x00000000fb5fe5a0,0x00000000fb600000)
  to   space 46080K, 0% used [0x00000000f6600000,0x00000000f6600000,0x00000000f9300000)
 ParOldGen       total 155648K, used 87084K [0x00000000a0000000, 0x00000000a9800000, 0x00000000e0000000)
  object space 155648K, 55% used [0x00000000a0000000,0x00000000a550b150,0x00000000a9800000)
 Metaspace       used 99344K, capacity 104302K, committed 104536K, reserved 1140736K
  class space    used 12658K, capacity 13635K, committed 13696K, reserved 1048576K
}
Event: 1323,255 GC heap before
{Heap before GC invocations=31 (full 4):
 PSYoungGen      total 402432K, used 402425K [0x00000000e0000000, 0x00000000fc980000, 0x0000000100000000)
  eden space 366592K, 100% used [0x00000000e0000000,0x00000000f6600000,0x00000000f6600000)
  from space 35840K, 99% used [0x00000000f9300000,0x00000000fb5fe5a0,0x00000000fb600000)
  to   space 46080K, 0% used [0x00000000f6600000,0x00000000f6600000,0x00000000f9300000)
 ParOldGen       total 155648K, used 87084K [0x00000000a0000000, 0x00000000a9800000, 0x00000000e0000000)
  object space 155648K, 55% used [0x00000000a0000000,0x00000000a550b150,0x00000000a9800000)
 Metaspace       used 100917K, capacity 106122K, committed 106200K, reserved 1142784K
  class space    used 12812K, capacity 13817K, committed 13824K, reserved 1048576K

